Using pre-set license
Built from '2020.3/staging' branch; Version is '2020.3.3f1 (76626098c1c4) revision 7758432'; Using compiler version '192528614'; Build Type 'Release'
OS: 'Windows 10 Home; OS build 19043.1110; Version 2009; 64bit' Language: 'en' Physical Memory: 32641 MB
BatchMode: 1, IsHumanControllingUs: 0, StartBugReporterOnCrash: 0, Is64bit: 1, IsPro: 0

 COMMAND LINE ARGUMENTS:
C:\Program Files\Unity\Editor\Unity.exe
-adb2
-batchMode
-noUpm
-name
AssetImportWorker0
-projectPath
C:/Users/inbiodroid01/Documents/dev/KineVIVEForTests
-logFile
Logs/AssetImportWorker0.log
-srvPort
62634
Successfully changed project path to: C:/Users/inbiodroid01/Documents/dev/KineVIVEForTests
C:/Users/inbiodroid01/Documents/dev/KineVIVEForTests
Using Asset Import Pipeline V2.
Refreshing native plugins compatible for Editor in 48.67 ms, found 4 plugins.
Preloading 0 native plugins for Editor in 0.00 ms.
Initialize engine version: 2020.3.3f1 (76626098c1c4)
[Subsystems] Discovering subsystems at path C:/Program Files/Unity/Editor/Data/Resources/UnitySubsystems
[Subsystems] Discovering subsystems at path C:/Users/inbiodroid01/Documents/dev/KineVIVEForTests/Assets
GfxDevice: creating device client; threaded=0
Direct3D:
    Version:  Direct3D 11.0 [level 11.1]
    Renderer: NVIDIA GeForce RTX 3080 Laptop GPU (ID=0x249c)
    Vendor:   
    VRAM:     8041 MB
    Driver:   27.21.14.6275
Initialize mono
Mono path[0] = 'C:/Program Files/Unity/Editor/Data/Managed'
Mono path[1] = 'C:/Program Files/Unity/Editor/Data/MonoBleedingEdge/lib/mono/unityjit'
Mono config path = 'C:/Program Files/Unity/Editor/Data/MonoBleedingEdge/etc'
Using monoOptions --debugger-agent=transport=dt_socket,embedding=1,server=y,suspend=n,address=127.0.0.1:56964
Begin MonoManager ReloadAssembly
Registering precompiled unity dll's ...
Register platform support module: C:/Program Files/Unity/Editor/Data/PlaybackEngines/WindowsStandaloneSupport/UnityEditor.WindowsStandalone.Extensions.dll
Registered in 0.001487 seconds.
Native extension for WindowsStandalone target not found
Refreshing native plugins compatible for Editor in 39.94 ms, found 4 plugins.
Preloading 0 native plugins for Editor in 0.00 ms.
Invoked RoslynAnalysisRunner static constructor.
RoslynAnalysisRunner will not be running.
RoslynAnalysisRunner has terminated.
Mono: successfully reloaded assembly
- Completed reload, in  0.851 seconds
Platform modules already initialized, skipping
Registering precompiled user dll's ...
Registered in 0.002454 seconds.
Begin MonoManager ReloadAssembly
Native extension for WindowsStandalone target not found
Refreshing native plugins compatible for Editor in 0.49 ms, found 4 plugins.
Preloading 0 native plugins for Editor in 0.00 ms.
Invoked RoslynAnalysisRunner static constructor.
RoslynAnalysisRunner will not be running.
RoslynAnalysisRunner has terminated.
Mono: successfully reloaded assembly
- Completed reload, in  0.802 seconds
Platform modules already initialized, skipping
========================================================================
Worker process is ready to serve import requests
Launched and connected shader compiler UnityShaderCompiler.exe after 0.03 seconds
Refreshing native plugins compatible for Editor in 0.48 ms, found 4 plugins.
Preloading 0 native plugins for Editor in 0.00 ms.
Unloading 1742 Unused Serialized files (Serialized files now loaded: 0)
System memory in use before: 81.5 MB.
System memory in use after: 81.6 MB.

Unloading 18 unused Assets to reduce memory usage. Loaded Objects now: 2186.
Total: 1.664300 ms (FindLiveObjects: 0.150900 ms CreateObjectMapping: 0.054300 ms MarkObjects: 1.395900 ms  DeleteObjects: 0.062300 ms)

========================================================================
Received Import Request.
  path: Assets/SenseGlove/Scripts/Tracking/SG_StopFingers.cs
  artifactKey: Guid(59a1d7de554e9bd4dbe7a181244cf84a) Importer(815301076,1909f56bfc062723c751e8b465ee728b)
Start importing Assets/SenseGlove/Scripts/Tracking/SG_StopFingers.cs using Guid(59a1d7de554e9bd4dbe7a181244cf84a) Importer(815301076,1909f56bfc062723c751e8b465ee728b)  -> (artifact id: 'f0af9b9e57510f7c4a768d22cace607a') in 0.014363 seconds
  Import took 0.016812 seconds .

========================================================================
Received Prepare
Registering precompiled user dll's ...
Registered in 0.002520 seconds.
Begin MonoManager ReloadAssembly
Native extension for WindowsStandalone target not found
Refreshing native plugins compatible for Editor in 0.49 ms, found 4 plugins.
Preloading 0 native plugins for Editor in 0.00 ms.
Invoked RoslynAnalysisRunner static constructor.
RoslynAnalysisRunner will not be running.
RoslynAnalysisRunner has terminated.
Mono: successfully reloaded assembly
- Completed reload, in  0.808 seconds
Platform modules already initialized, skipping
Refreshing native plugins compatible for Editor in 0.49 ms, found 4 plugins.
Preloading 0 native plugins for Editor in 0.00 ms.
Unloading 1715 Unused Serialized files (Serialized files now loaded: 0)
System memory in use before: 79.9 MB.
System memory in use after: 80.0 MB.

Unloading 13 unused Assets to reduce memory usage. Loaded Objects now: 2190.
Total: 1.928600 ms (FindLiveObjects: 0.169700 ms CreateObjectMapping: 0.062300 ms MarkObjects: 1.650300 ms  DeleteObjects: 0.045500 ms)

========================================================================
Received Import Request.
  Time since last request: 13.440718 seconds.
  path: Assets/SenseGlove/Scripts/Tracking/SG_StopFingers.cs
  artifactKey: Guid(59a1d7de554e9bd4dbe7a181244cf84a) Importer(815301076,1909f56bfc062723c751e8b465ee728b)
Start importing Assets/SenseGlove/Scripts/Tracking/SG_StopFingers.cs using Guid(59a1d7de554e9bd4dbe7a181244cf84a) Importer(815301076,1909f56bfc062723c751e8b465ee728b)  -> (artifact id: '94b8475216b2f80e884fa16cace75b0e') in 0.003417 seconds
  Import took 0.005665 seconds .

========================================================================
Received Prepare
Registering precompiled user dll's ...
Registered in 0.002592 seconds.
Begin MonoManager ReloadAssembly
Native extension for WindowsStandalone target not found
Refreshing native plugins compatible for Editor in 0.48 ms, found 4 plugins.
Preloading 0 native plugins for Editor in 0.00 ms.
Invoked RoslynAnalysisRunner static constructor.
RoslynAnalysisRunner will not be running.
RoslynAnalysisRunner has terminated.
Mono: successfully reloaded assembly
- Completed reload, in  0.764 seconds
Platform modules already initialized, skipping
Refreshing native plugins compatible for Editor in 0.48 ms, found 4 plugins.
Preloading 0 native plugins for Editor in 0.00 ms.
Unloading 1715 Unused Serialized files (Serialized files now loaded: 0)
System memory in use before: 79.8 MB.
System memory in use after: 79.9 MB.

Unloading 13 unused Assets to reduce memory usage. Loaded Objects now: 2194.
Total: 2.012300 ms (FindLiveObjects: 0.386900 ms CreateObjectMapping: 0.074100 ms MarkObjects: 1.510000 ms  DeleteObjects: 0.040600 ms)

========================================================================
Received Import Request.
  Time since last request: 40.629757 seconds.
  path: Assets/SenseGlove/Scripts/Tracking/SG_StopFingers.cs
  artifactKey: Guid(59a1d7de554e9bd4dbe7a181244cf84a) Importer(815301076,1909f56bfc062723c751e8b465ee728b)
Start importing Assets/SenseGlove/Scripts/Tracking/SG_StopFingers.cs using Guid(59a1d7de554e9bd4dbe7a181244cf84a) Importer(815301076,1909f56bfc062723c751e8b465ee728b)  -> (artifact id: 'bb30fab921e6f1e9fc2f128c0f5e3957') in 0.006583 seconds
  Import took 0.008790 seconds .

========================================================================
Received Import Request.
  Time since last request: 0.265594 seconds.
  path: Assets/SenseGlove/Scripts/Tracking/SG_StopFingers.cs
  artifactKey: Guid(59a1d7de554e9bd4dbe7a181244cf84a) Importer(815301076,1909f56bfc062723c751e8b465ee728b)
Start importing Assets/SenseGlove/Scripts/Tracking/SG_StopFingers.cs using Guid(59a1d7de554e9bd4dbe7a181244cf84a) Importer(815301076,1909f56bfc062723c751e8b465ee728b)  -> (artifact id: 'bb30fab921e6f1e9fc2f128c0f5e3957') in 0.002016 seconds
  Import took 0.004408 seconds .

========================================================================
Received Prepare
Registering precompiled user dll's ...
Registered in 0.002959 seconds.
Begin MonoManager ReloadAssembly
Native extension for WindowsStandalone target not found
Refreshing native plugins compatible for Editor in 0.51 ms, found 4 plugins.
Preloading 0 native plugins for Editor in 0.00 ms.
Invoked RoslynAnalysisRunner static constructor.
RoslynAnalysisRunner will not be running.
RoslynAnalysisRunner has terminated.
Mono: successfully reloaded assembly
- Completed reload, in  0.708 seconds
Platform modules already initialized, skipping
Refreshing native plugins compatible for Editor in 0.47 ms, found 4 plugins.
Preloading 0 native plugins for Editor in 0.00 ms.
Unloading 1715 Unused Serialized files (Serialized files now loaded: 0)
System memory in use before: 80.1 MB.
System memory in use after: 80.2 MB.

Unloading 13 unused Assets to reduce memory usage. Loaded Objects now: 2198.
Total: 2.593800 ms (FindLiveObjects: 0.339800 ms CreateObjectMapping: 0.090300 ms MarkObjects: 2.113900 ms  DeleteObjects: 0.048900 ms)

========================================================================
Received Prepare
Registering precompiled user dll's ...
Registered in 0.002364 seconds.
Begin MonoManager ReloadAssembly
Native extension for WindowsStandalone target not found
Refreshing native plugins compatible for Editor in 0.52 ms, found 4 plugins.
Preloading 0 native plugins for Editor in 0.00 ms.
Invoked RoslynAnalysisRunner static constructor.
RoslynAnalysisRunner will not be running.
RoslynAnalysisRunner has terminated.
Mono: successfully reloaded assembly
- Completed reload, in  0.778 seconds
Platform modules already initialized, skipping
Refreshing native plugins compatible for Editor in 0.52 ms, found 4 plugins.
Preloading 0 native plugins for Editor in 0.00 ms.
Unloading 1715 Unused Serialized files (Serialized files now loaded: 0)
System memory in use before: 80.0 MB.
System memory in use after: 80.1 MB.

Unloading 13 unused Assets to reduce memory usage. Loaded Objects now: 2202.
Total: 2.290300 ms (FindLiveObjects: 0.232900 ms CreateObjectMapping: 0.055000 ms MarkObjects: 1.913600 ms  DeleteObjects: 0.087700 ms)

========================================================================
Received Prepare
Registering precompiled user dll's ...
Registered in 0.003154 seconds.
Begin MonoManager ReloadAssembly
Native extension for WindowsStandalone target not found
Refreshing native plugins compatible for Editor in 0.49 ms, found 4 plugins.
Preloading 0 native plugins for Editor in 0.00 ms.
Invoked RoslynAnalysisRunner static constructor.
RoslynAnalysisRunner will not be running.
RoslynAnalysisRunner has terminated.
Mono: successfully reloaded assembly
- Completed reload, in  0.837 seconds
Platform modules already initialized, skipping
Refreshing native plugins compatible for Editor in 0.49 ms, found 4 plugins.
Preloading 0 native plugins for Editor in 0.00 ms.
Unloading 1715 Unused Serialized files (Serialized files now loaded: 0)
System memory in use before: 80.2 MB.
System memory in use after: 80.2 MB.

Unloading 13 unused Assets to reduce memory usage. Loaded Objects now: 2206.
Total: 1.612000 ms (FindLiveObjects: 0.187500 ms CreateObjectMapping: 0.061300 ms MarkObjects: 1.309300 ms  DeleteObjects: 0.053000 ms)

========================================================================
Received Prepare
Registering precompiled user dll's ...
Registered in 0.003127 seconds.
Begin MonoManager ReloadAssembly
Native extension for WindowsStandalone target not found
Refreshing native plugins compatible for Editor in 0.60 ms, found 4 plugins.
Preloading 0 native plugins for Editor in 0.00 ms.
Invoked RoslynAnalysisRunner static constructor.
RoslynAnalysisRunner will not be running.
RoslynAnalysisRunner has terminated.
Mono: successfully reloaded assembly
- Completed reload, in  0.792 seconds
Platform modules already initialized, skipping
Refreshing native plugins compatible for Editor in 0.49 ms, found 4 plugins.
Preloading 0 native plugins for Editor in 0.00 ms.
Unloading 1715 Unused Serialized files (Serialized files now loaded: 0)
System memory in use before: 79.7 MB.
System memory in use after: 79.8 MB.

Unloading 13 unused Assets to reduce memory usage. Loaded Objects now: 2210.
Total: 1.669900 ms (FindLiveObjects: 0.165700 ms CreateObjectMapping: 0.062300 ms MarkObjects: 1.347900 ms  DeleteObjects: 0.092800 ms)

========================================================================
Received Prepare
Registering precompiled user dll's ...
Registered in 0.002451 seconds.
Begin MonoManager ReloadAssembly
Native extension for WindowsStandalone target not found
Refreshing native plugins compatible for Editor in 0.51 ms, found 4 plugins.
Preloading 0 native plugins for Editor in 0.00 ms.
Invoked RoslynAnalysisRunner static constructor.
RoslynAnalysisRunner will not be running.
RoslynAnalysisRunner has terminated.
Mono: successfully reloaded assembly
- Completed reload, in  0.822 seconds
Platform modules already initialized, skipping
Refreshing native plugins compatible for Editor in 0.52 ms, found 4 plugins.
Preloading 0 native plugins for Editor in 0.00 ms.
Unloading 1715 Unused Serialized files (Serialized files now loaded: 0)
System memory in use before: 80.2 MB.
System memory in use after: 80.3 MB.

Unloading 13 unused Assets to reduce memory usage. Loaded Objects now: 2214.
Total: 1.722500 ms (FindLiveObjects: 0.200800 ms CreateObjectMapping: 0.087000 ms MarkObjects: 1.381300 ms  DeleteObjects: 0.052400 ms)

========================================================================
Received Prepare
Registering precompiled user dll's ...
Registered in 0.002523 seconds.
Begin MonoManager ReloadAssembly
Native extension for WindowsStandalone target not found
Refreshing native plugins compatible for Editor in 0.49 ms, found 4 plugins.
Preloading 0 native plugins for Editor in 0.00 ms.
Invoked RoslynAnalysisRunner static constructor.
RoslynAnalysisRunner will not be running.
RoslynAnalysisRunner has terminated.
Mono: successfully reloaded assembly
- Completed reload, in  0.754 seconds
Platform modules already initialized, skipping
Refreshing native plugins compatible for Editor in 0.56 ms, found 4 plugins.
Preloading 0 native plugins for Editor in 0.00 ms.
Unloading 1715 Unused Serialized files (Serialized files now loaded: 0)
System memory in use before: 79.9 MB.
System memory in use after: 80.0 MB.

Unloading 13 unused Assets to reduce memory usage. Loaded Objects now: 2218.
Total: 1.700500 ms (FindLiveObjects: 0.202000 ms CreateObjectMapping: 0.071700 ms MarkObjects: 1.374500 ms  DeleteObjects: 0.051100 ms)

========================================================================
Received Prepare
Refreshing native plugins compatible for Editor in 2.29 ms, found 4 plugins.
Preloading 0 native plugins for Editor in 0.00 ms.
Unloading 10 Unused Serialized files (Serialized files now loaded: 0)
System memory in use before: 46.2 MB.
System memory in use after: 46.2 MB.

Unloading 10 unused Assets to reduce memory usage. Loaded Objects now: 2218.
Total: 1.771800 ms (FindLiveObjects: 0.247800 ms CreateObjectMapping: 0.073900 ms MarkObjects: 1.401300 ms  DeleteObjects: 0.047700 ms)

========================================================================
Received Prepare
Registering precompiled user dll's ...
Registered in 0.003741 seconds.
Begin MonoManager ReloadAssembly
Native extension for WindowsStandalone target not found
Refreshing native plugins compatible for Editor in 0.55 ms, found 4 plugins.
Preloading 0 native plugins for Editor in 0.00 ms.
Invoked RoslynAnalysisRunner static constructor.
RoslynAnalysisRunner will not be running.
RoslynAnalysisRunner has terminated.
Mono: successfully reloaded assembly
- Completed reload, in  0.860 seconds
Platform modules already initialized, skipping
Refreshing native plugins compatible for Editor in 0.50 ms, found 4 plugins.
Preloading 0 native plugins for Editor in 0.00 ms.
Unloading 1715 Unused Serialized files (Serialized files now loaded: 0)
System memory in use before: 80.5 MB.
System memory in use after: 80.5 MB.

Unloading 13 unused Assets to reduce memory usage. Loaded Objects now: 2222.
Total: 1.777100 ms (FindLiveObjects: 0.187300 ms CreateObjectMapping: 0.057200 ms MarkObjects: 1.483600 ms  DeleteObjects: 0.048300 ms)

========================================================================
Received Prepare
Refreshing native plugins compatible for Editor in 2.54 ms, found 4 plugins.
Preloading 0 native plugins for Editor in 0.00 ms.
Unloading 10 Unused Serialized files (Serialized files now loaded: 0)
System memory in use before: 46.7 MB.
System memory in use after: 46.8 MB.

Unloading 10 unused Assets to reduce memory usage. Loaded Objects now: 2222.
Total: 2.239500 ms (FindLiveObjects: 0.229400 ms CreateObjectMapping: 0.084800 ms MarkObjects: 1.871000 ms  DeleteObjects: 0.053000 ms)

========================================================================
Received Prepare
Registering precompiled user dll's ...
Registered in 0.005250 seconds.
Begin MonoManager ReloadAssembly
Native extension for WindowsStandalone target not found
Refreshing native plugins compatible for Editor in 1.32 ms, found 4 plugins.
Preloading 0 native plugins for Editor in 0.00 ms.
Invoked RoslynAnalysisRunner static constructor.
RoslynAnalysisRunner will not be running.
RoslynAnalysisRunner has terminated.
Mono: successfully reloaded assembly
- Completed reload, in  0.914 seconds
Platform modules already initialized, skipping
Refreshing native plugins compatible for Editor in 0.50 ms, found 4 plugins.
Preloading 0 native plugins for Editor in 0.00 ms.
Unloading 1715 Unused Serialized files (Serialized files now loaded: 0)
System memory in use before: 80.7 MB.
System memory in use after: 80.8 MB.

Unloading 13 unused Assets to reduce memory usage. Loaded Objects now: 2226.
Total: 1.699800 ms (FindLiveObjects: 0.180700 ms CreateObjectMapping: 0.063500 ms MarkObjects: 1.399600 ms  DeleteObjects: 0.054600 ms)

========================================================================
Received Prepare
Refreshing native plugins compatible for Editor in 2.95 ms, found 4 plugins.
Preloading 0 native plugins for Editor in 0.00 ms.
Unloading 10 Unused Serialized files (Serialized files now loaded: 0)
System memory in use before: 47.0 MB.
System memory in use after: 47.0 MB.

Unloading 10 unused Assets to reduce memory usage. Loaded Objects now: 2226.
Total: 2.226200 ms (FindLiveObjects: 0.298500 ms CreateObjectMapping: 0.097000 ms MarkObjects: 1.779000 ms  DeleteObjects: 0.050600 ms)

========================================================================
Received Prepare
Registering precompiled user dll's ...
Registered in 0.002958 seconds.
Begin MonoManager ReloadAssembly
Native extension for WindowsStandalone target not found
Refreshing native plugins compatible for Editor in 0.75 ms, found 4 plugins.
Preloading 0 native plugins for Editor in 0.00 ms.
Invoked RoslynAnalysisRunner static constructor.
RoslynAnalysisRunner will not be running.
RoslynAnalysisRunner has terminated.
Mono: successfully reloaded assembly
- Completed reload, in  0.846 seconds
Platform modules already initialized, skipping
Refreshing native plugins compatible for Editor in 0.63 ms, found 4 plugins.
Preloading 0 native plugins for Editor in 0.00 ms.
Unloading 1715 Unused Serialized files (Serialized files now loaded: 0)
System memory in use before: 80.6 MB.
System memory in use after: 80.6 MB.

Unloading 13 unused Assets to reduce memory usage. Loaded Objects now: 2230.
Total: 1.921800 ms (FindLiveObjects: 0.221600 ms CreateObjectMapping: 0.069400 ms MarkObjects: 1.577100 ms  DeleteObjects: 0.052700 ms)

========================================================================
Received Prepare
Refreshing native plugins compatible for Editor in 2.33 ms, found 4 plugins.
Preloading 0 native plugins for Editor in 0.00 ms.
Unloading 10 Unused Serialized files (Serialized files now loaded: 0)
System memory in use before: 46.8 MB.
System memory in use after: 46.9 MB.

Unloading 10 unused Assets to reduce memory usage. Loaded Objects now: 2230.
Total: 1.698000 ms (FindLiveObjects: 0.221800 ms CreateObjectMapping: 0.064500 ms MarkObjects: 1.365600 ms  DeleteObjects: 0.045000 ms)

========================================================================
Received Prepare
Registering precompiled user dll's ...
Registered in 0.002713 seconds.
Begin MonoManager ReloadAssembly
Native extension for WindowsStandalone target not found
Refreshing native plugins compatible for Editor in 0.50 ms, found 4 plugins.
Preloading 0 native plugins for Editor in 0.00 ms.
Invoked RoslynAnalysisRunner static constructor.
RoslynAnalysisRunner will not be running.
RoslynAnalysisRunner has terminated.
Mono: successfully reloaded assembly
- Completed reload, in  0.777 seconds
Platform modules already initialized, skipping
Refreshing native plugins compatible for Editor in 0.64 ms, found 4 plugins.
Preloading 0 native plugins for Editor in 0.00 ms.
Unloading 1715 Unused Serialized files (Serialized files now loaded: 0)
System memory in use before: 80.7 MB.
System memory in use after: 80.8 MB.

Unloading 13 unused Assets to reduce memory usage. Loaded Objects now: 2234.
Total: 1.636800 ms (FindLiveObjects: 0.174800 ms CreateObjectMapping: 0.056400 ms MarkObjects: 1.340500 ms  DeleteObjects: 0.064300 ms)

========================================================================
Received Prepare
Refreshing native plugins compatible for Editor in 2.47 ms, found 4 plugins.
Preloading 0 native plugins for Editor in 0.00 ms.
Unloading 10 Unused Serialized files (Serialized files now loaded: 0)
System memory in use before: 47.0 MB.
System memory in use after: 47.1 MB.

Unloading 10 unused Assets to reduce memory usage. Loaded Objects now: 2234.
Total: 1.965800 ms (FindLiveObjects: 0.282500 ms CreateObjectMapping: 0.111600 ms MarkObjects: 1.470500 ms  DeleteObjects: 0.084300 ms)

AssetImportWorkerClient::OnTransportError - code=2 error=End of file
