Using pre-set license
Built from '2020.3/staging' branch; Version is '2020.3.3f1 (76626098c1c4) revision 7758432'; Using compiler version '192528614'; Build Type 'Release'
OS: 'Windows 10 Home; OS build 19043.1110; Version 2009; 64bit' Language: 'en' Physical Memory: 32641 MB
BatchMode: 1, IsHumanControllingUs: 0, StartBugReporterOnCrash: 0, Is64bit: 1, IsPro: 0

 COMMAND LINE ARGUMENTS:
C:\Program Files\Unity\Editor\Unity.exe
-adb2
-batchMode
-noUpm
-name
AssetImportWorker0
-projectPath
C:/Users/inbiodroid01/Documents/dev/KineVIVEForTests
-logFile
Logs/AssetImportWorker0.log
-srvPort
57292
Successfully changed project path to: C:/Users/inbiodroid01/Documents/dev/KineVIVEForTests
C:/Users/inbiodroid01/Documents/dev/KineVIVEForTests
Using Asset Import Pipeline V2.
Refreshing native plugins compatible for Editor in 48.78 ms, found 4 plugins.
Preloading 0 native plugins for Editor in 0.00 ms.
Initialize engine version: 2020.3.3f1 (76626098c1c4)
[Subsystems] Discovering subsystems at path C:/Program Files/Unity/Editor/Data/Resources/UnitySubsystems
[Subsystems] Discovering subsystems at path C:/Users/inbiodroid01/Documents/dev/KineVIVEForTests/Assets
GfxDevice: creating device client; threaded=0
Direct3D:
    Version:  Direct3D 11.0 [level 11.1]
    Renderer: NVIDIA GeForce RTX 3080 Laptop GPU (ID=0x249c)
    Vendor:   
    VRAM:     8041 MB
    Driver:   27.21.14.6275
Initialize mono
Mono path[0] = 'C:/Program Files/Unity/Editor/Data/Managed'
Mono path[1] = 'C:/Program Files/Unity/Editor/Data/MonoBleedingEdge/lib/mono/unityjit'
Mono config path = 'C:/Program Files/Unity/Editor/Data/MonoBleedingEdge/etc'
Using monoOptions --debugger-agent=transport=dt_socket,embedding=1,server=y,suspend=n,address=127.0.0.1:56528
Begin MonoManager ReloadAssembly
Registering precompiled unity dll's ...
Register platform support module: C:/Program Files/Unity/Editor/Data/PlaybackEngines/WindowsStandaloneSupport/UnityEditor.WindowsStandalone.Extensions.dll
Registered in 0.001658 seconds.
Native extension for WindowsStandalone target not found
Refreshing native plugins compatible for Editor in 59.83 ms, found 4 plugins.
Preloading 0 native plugins for Editor in 0.00 ms.
Invoked RoslynAnalysisRunner static constructor.
RoslynAnalysisRunner will not be running.
RoslynAnalysisRunner has terminated.
Mono: successfully reloaded assembly
- Completed reload, in  1.124 seconds
Platform modules already initialized, skipping
Registering precompiled user dll's ...
Registered in 0.003777 seconds.
Begin MonoManager ReloadAssembly
Native extension for WindowsStandalone target not found
Refreshing native plugins compatible for Editor in 0.62 ms, found 4 plugins.
Preloading 0 native plugins for Editor in 0.00 ms.
Invoked RoslynAnalysisRunner static constructor.
RoslynAnalysisRunner will not be running.
RoslynAnalysisRunner has terminated.
Mono: successfully reloaded assembly
- Completed reload, in  1.190 seconds
Platform modules already initialized, skipping
========================================================================
Worker process is ready to serve import requests
Launched and connected shader compiler UnityShaderCompiler.exe after 0.04 seconds
Refreshing native plugins compatible for Editor in 0.51 ms, found 4 plugins.
Preloading 0 native plugins for Editor in 0.00 ms.
Unloading 1742 Unused Serialized files (Serialized files now loaded: 0)
System memory in use before: 82.0 MB.
System memory in use after: 82.0 MB.

Unloading 18 unused Assets to reduce memory usage. Loaded Objects now: 2186.
Total: 2.137500 ms (FindLiveObjects: 0.252700 ms CreateObjectMapping: 0.098300 ms MarkObjects: 1.708800 ms  DeleteObjects: 0.076400 ms)

========================================================================
Received Import Request.
  path: Assets/Scripts/AngleCalculations.cs
  artifactKey: Guid(d562cf86f106fd6419b42853fda1ba8e) Importer(815301076,1909f56bfc062723c751e8b465ee728b)
Start importing Assets/Scripts/AngleCalculations.cs using Guid(d562cf86f106fd6419b42853fda1ba8e) Importer(815301076,1909f56bfc062723c751e8b465ee728b)  -> (artifact id: 'b225d4a8e6967e61c4bfba8bddb11138') in 0.026841 seconds
  Import took 0.029506 seconds .

========================================================================
Received Prepare
Registering precompiled user dll's ...
Registered in 0.003177 seconds.
Begin MonoManager ReloadAssembly
Native extension for WindowsStandalone target not found
Refreshing native plugins compatible for Editor in 0.49 ms, found 4 plugins.
Preloading 0 native plugins for Editor in 0.00 ms.
Invoked RoslynAnalysisRunner static constructor.
RoslynAnalysisRunner will not be running.
RoslynAnalysisRunner has terminated.
Mono: successfully reloaded assembly
- Completed reload, in  0.936 seconds
Platform modules already initialized, skipping
Refreshing native plugins compatible for Editor in 0.52 ms, found 4 plugins.
Preloading 0 native plugins for Editor in 0.00 ms.
Unloading 1715 Unused Serialized files (Serialized files now loaded: 0)
System memory in use before: 80.3 MB.
System memory in use after: 80.4 MB.

Unloading 13 unused Assets to reduce memory usage. Loaded Objects now: 2190.
Total: 1.765100 ms (FindLiveObjects: 0.193800 ms CreateObjectMapping: 0.075800 ms MarkObjects: 1.413000 ms  DeleteObjects: 0.081500 ms)

========================================================================
Received Import Request.
  Time since last request: 65.556014 seconds.
  path: Assets/Scripts/AngleCalculations.cs
  artifactKey: Guid(d562cf86f106fd6419b42853fda1ba8e) Importer(815301076,1909f56bfc062723c751e8b465ee728b)
Start importing Assets/Scripts/AngleCalculations.cs using Guid(d562cf86f106fd6419b42853fda1ba8e) Importer(815301076,1909f56bfc062723c751e8b465ee728b)  -> (artifact id: 'd895d67d8427d18bc7e4b1e8b447e059') in 0.004180 seconds
  Import took 0.006630 seconds .

========================================================================
Received Prepare
Registering precompiled user dll's ...
Registered in 0.002548 seconds.
Begin MonoManager ReloadAssembly
Native extension for WindowsStandalone target not found
Refreshing native plugins compatible for Editor in 0.72 ms, found 4 plugins.
Preloading 0 native plugins for Editor in 0.00 ms.
Invoked RoslynAnalysisRunner static constructor.
RoslynAnalysisRunner will not be running.
RoslynAnalysisRunner has terminated.
Mono: successfully reloaded assembly
- Completed reload, in  0.969 seconds
Platform modules already initialized, skipping
Refreshing native plugins compatible for Editor in 0.49 ms, found 4 plugins.
Preloading 0 native plugins for Editor in 0.00 ms.
Unloading 1715 Unused Serialized files (Serialized files now loaded: 0)
System memory in use before: 80.4 MB.
System memory in use after: 80.5 MB.

Unloading 13 unused Assets to reduce memory usage. Loaded Objects now: 2194.
Total: 1.709700 ms (FindLiveObjects: 0.167100 ms CreateObjectMapping: 0.058400 ms MarkObjects: 1.437600 ms  DeleteObjects: 0.045800 ms)

========================================================================
Received Import Request.
  Time since last request: 43.186621 seconds.
  path: Assets/SenseGlove/Scripts/Tracking/SG_StopFingers.cs
  artifactKey: Guid(59a1d7de554e9bd4dbe7a181244cf84a) Importer(815301076,1909f56bfc062723c751e8b465ee728b)
Start importing Assets/SenseGlove/Scripts/Tracking/SG_StopFingers.cs using Guid(59a1d7de554e9bd4dbe7a181244cf84a) Importer(815301076,1909f56bfc062723c751e8b465ee728b)  -> (artifact id: '4afd76fd580d9349d6f3178f1d74678e') in 0.008250 seconds
  Import took 0.011938 seconds .

========================================================================
Received Import Request.
  Time since last request: 0.031814 seconds.
  path: Assets/SenseGlove/Scripts/Tracking/SG_StopFingers.cs
  artifactKey: Guid(59a1d7de554e9bd4dbe7a181244cf84a) Importer(815301076,1909f56bfc062723c751e8b465ee728b)
Start importing Assets/SenseGlove/Scripts/Tracking/SG_StopFingers.cs using Guid(59a1d7de554e9bd4dbe7a181244cf84a) Importer(815301076,1909f56bfc062723c751e8b465ee728b)  -> (artifact id: '4afd76fd580d9349d6f3178f1d74678e') in 0.002221 seconds
  Import took 0.005661 seconds .

========================================================================
Received Prepare
Registering precompiled user dll's ...
Registered in 0.003585 seconds.
Begin MonoManager ReloadAssembly
Native extension for WindowsStandalone target not found
Refreshing native plugins compatible for Editor in 0.63 ms, found 4 plugins.
Preloading 0 native plugins for Editor in 0.00 ms.
Invoked RoslynAnalysisRunner static constructor.
RoslynAnalysisRunner will not be running.
RoslynAnalysisRunner has terminated.
Mono: successfully reloaded assembly
- Completed reload, in  0.912 seconds
Platform modules already initialized, skipping
Refreshing native plugins compatible for Editor in 0.51 ms, found 4 plugins.
Preloading 0 native plugins for Editor in 0.00 ms.
Unloading 1715 Unused Serialized files (Serialized files now loaded: 0)
System memory in use before: 80.3 MB.
System memory in use after: 80.3 MB.

Unloading 13 unused Assets to reduce memory usage. Loaded Objects now: 2198.
Total: 1.678200 ms (FindLiveObjects: 0.192300 ms CreateObjectMapping: 0.064000 ms MarkObjects: 1.371900 ms  DeleteObjects: 0.048900 ms)

========================================================================
Received Import Request.
  Time since last request: 19.985096 seconds.
  path: Assets/SenseGlove/Scripts/Tracking/SG_StopFingers.cs
  artifactKey: Guid(59a1d7de554e9bd4dbe7a181244cf84a) Importer(815301076,1909f56bfc062723c751e8b465ee728b)
Start importing Assets/SenseGlove/Scripts/Tracking/SG_StopFingers.cs using Guid(59a1d7de554e9bd4dbe7a181244cf84a) Importer(815301076,1909f56bfc062723c751e8b465ee728b)  -> (artifact id: '35db73fba574b06c59815797a5551f60') in 0.004030 seconds
  Import took 0.006667 seconds .

========================================================================
Received Import Request.
  Time since last request: 0.294845 seconds.
  path: Assets/SenseGlove/Scripts/Tracking/SG_StopFingers.cs
  artifactKey: Guid(59a1d7de554e9bd4dbe7a181244cf84a) Importer(815301076,1909f56bfc062723c751e8b465ee728b)
Start importing Assets/SenseGlove/Scripts/Tracking/SG_StopFingers.cs using Guid(59a1d7de554e9bd4dbe7a181244cf84a) Importer(815301076,1909f56bfc062723c751e8b465ee728b)  -> (artifact id: '35db73fba574b06c59815797a5551f60') in 0.001515 seconds
  Import took 0.004640 seconds .

========================================================================
Received Prepare
Registering precompiled user dll's ...
Registered in 0.003294 seconds.
Begin MonoManager ReloadAssembly
Native extension for WindowsStandalone target not found
Refreshing native plugins compatible for Editor in 0.54 ms, found 4 plugins.
Preloading 0 native plugins for Editor in 0.00 ms.
Invoked RoslynAnalysisRunner static constructor.
RoslynAnalysisRunner will not be running.
RoslynAnalysisRunner has terminated.
Mono: successfully reloaded assembly
- Completed reload, in  0.793 seconds
Platform modules already initialized, skipping
Refreshing native plugins compatible for Editor in 0.51 ms, found 4 plugins.
Preloading 0 native plugins for Editor in 0.00 ms.
Unloading 1715 Unused Serialized files (Serialized files now loaded: 0)
System memory in use before: 80.6 MB.
System memory in use after: 80.6 MB.

Unloading 13 unused Assets to reduce memory usage. Loaded Objects now: 2202.
Total: 1.637100 ms (FindLiveObjects: 0.175600 ms CreateObjectMapping: 0.055400 ms MarkObjects: 1.356000 ms  DeleteObjects: 0.049100 ms)

AssetImportWorkerClient::OnTransportError - code=2 error=End of file
